<?xml version="1.0" encoding="UTF-8"?>
<!-- Generated by org.testng.reporters.JUnitReportReporter -->
<testsuite hostname="01HW2077834" failures="0" tests="3" name="manojframeworks.tests.runMultipleDataSetsUsingDataProvider" time="111.329" errors="0" timestamp="2024-08-06T14:51:40 IST" skipped="0">
  <testcase classname="manojframeworks.tests.runMultipleDataSetsUsingDataProvider" name="verifyOrdredProduct" time="32.179"/>
  <testcase classname="manojframeworks.tests.runMultipleDataSetsUsingDataProvider" name="submitOrder" time="39.942"/>
  <testcase classname="manojframeworks.tests.runMultipleDataSetsUsingDataProvider" name="submitOrder" time="39.208"/>
</testsuite> <!-- manojframeworks.tests.runMultipleDataSetsUsingDataProvider -->
