<?xml version="1.0" encoding="UTF-8"?>
<!-- Generated by org.testng.reporters.JUnitReportReporter -->
<testsuite hostname="01HW2077834" failures="0" tests="1" name="manojframeworks.tests.standAloneTest2" time="16.152" errors="0" timestamp="2024-07-25T14:28:05 IST" skipped="0">
  <testcase classname="manojframeworks.tests.standAloneTest2" name="submitOrder" time="16.152"/>
</testsuite> <!-- manojframeworks.tests.standAloneTest2 -->
