<?xml version="1.0" encoding="UTF-8"?>
<!-- Generated by org.testng.reporters.JUnitReportReporter -->
<testsuite hostname="01HW2077834" failures="0" tests="1" name="manojframeworks.tests.errorMessageValidation" time="11.159" errors="0" timestamp="2024-07-25T14:53:50 IST" skipped="0">
  <testcase classname="manojframeworks.tests.errorMessageValidation" name="submitOrder" time="11.159"/>
</testsuite> <!-- manojframeworks.tests.errorMessageValidation -->
